Build started 21/10/2019 20:35:15.
     1>Project "E:\Diretorio\UFLA\8_periodo\Automaçao avançada\TP1-git\VersoesAntigas\TP1V1\TP1V1\TP1V1.vcxproj" on node 2 (Build target(s)).
     1>ClCompile:
         C:\Program Files (x86)\Microsoft Visual Studio 11.0\VC\bin\CL.exe /c /AI"C:\Program Files (x86)\Reference Assemblies\Microsoft\Framework\.NETFramework\v4.5\\" /AI"C:\Program Files (x86)\Windows Kits\8.0\References\CommonConfiguration\Neutral" /AI"C:\Program Files (x86)\Reference Assemblies\Microsoft\Framework\.NETFramework\v4.5\Facades\\" /Zi /clr /nologo /W3 /WX- /Od /Oy- /D WIN32 /D _DEBUG /EHa /MDd /GS /fp:precise /Zc:wchar_t /Zc:forScope /Fo"Debug\\" /Fd"Debug\vc110.pdb" /TP /FU"C:\Program Files (x86)\Reference Assemblies\Microsoft\Framework\.NETFramework\v4.5\mscorlib.dll" /FU"C:\Program Files (x86)\Reference Assemblies\Microsoft\Framework\.NETFramework\v4.5\System.Data.dll" /FU"C:\Program Files (x86)\Reference Assemblies\Microsoft\Framework\.NETFramework\v4.5\System.dll" /FU"C:\Program Files (x86)\Reference Assemblies\Microsoft\Framework\.NETFramework\v4.5\System.Drawing.dll" /FU"C:\Program Files (x86)\Reference Assemblies\Microsoft\Framework\.NETFramework\v4.5\System.Windows.Forms.dll" /FU"C:\Program Files (x86)\Reference Assemblies\Microsoft\Framework\.NETFramework\v4.5\System.Xml.dll" /analyze- /errorReport:prompt /clr:nostdlib Bebida.cpp Itens.cpp Lanche.cpp MyForm.cpp Sobremesa.cpp main.cpp ThreadSobremesa.cpp ThreadBebida.cpp ThreadLanche.cpp
         Bebida.cpp
         Itens.cpp
         Lanche.cpp
         MyForm.cpp
         Sobremesa.cpp
         main.cpp
         ThreadSobremesa.cpp
         ThreadBebida.cpp
         ThreadLanche.cpp
         Generating Code...
       Link:
         C:\Program Files (x86)\Microsoft Visual Studio 11.0\VC\bin\link.exe /ERRORREPORT:PROMPT /OUT:"E:\Diretorio\UFLA\8_periodo\Automaçao avançada\TP1-git\VersoesAntigas\TP1V1\Debug\TP1V1.exe" /INCREMENTAL /NOLOGO /ASSEMBLYRESOURCE:Debug\TP1V1.MyForm.resources /MANIFEST /MANIFESTUAC:"level='asInvoker' uiAccess='false'" /manifest:embed /DEBUG /PDB:"E:\Diretorio\UFLA\8_periodo\Automaçao avançada\TP1-git\VersoesAntigas\TP1V1\Debug\TP1V1.pdb" /ASSEMBLYDEBUG /SUBSYSTEM:WINDOWS /TLBID:1 /ENTRY:"main" /DYNAMICBASE /FIXED:NO /NXCOMPAT /MACHINE:X86 Debug\Bebida.obj
         Debug\Itens.obj
         Debug\Lanche.obj
         Debug\MyForm.obj
         Debug\Sobremesa.obj
         Debug\main.obj
         Debug\ThreadSobremesa.obj
         Debug\ThreadBebida.obj
         Debug\ThreadLanche.obj
         "Debug\.NETFramework,Version=v4.5.AssemblyAttributes.obj"
         TP1V1.vcxproj -> E:\Diretorio\UFLA\8_periodo\Automaçao avançada\TP1-git\VersoesAntigas\TP1V1\Debug\TP1V1.exe
     1>Done Building Project "E:\Diretorio\UFLA\8_periodo\Automaçao avançada\TP1-git\VersoesAntigas\TP1V1\TP1V1\TP1V1.vcxproj" (Build target(s)).

Build succeeded.

Time Elapsed 00:00:16.74
